0 info it worked if it ends with ok
1 verbose cli [ '/usr/bin/node',
1 verbose cli   '/usr/bin/npm',
1 verbose cli   'install',
1 verbose cli   '-g',
1 verbose cli   'create-react-app' ]
2 info using npm@1.4.21
3 info using node@v8.11.2
4 verbose cache add [ 'create-react-app', null ]
5 verbose cache add name=undefined spec="create-react-app" args=["create-react-app",null]
6 verbose parsed url Url {
6 verbose parsed url   protocol: null,
6 verbose parsed url   slashes: null,
6 verbose parsed url   auth: null,
6 verbose parsed url   host: null,
6 verbose parsed url   port: null,
6 verbose parsed url   hostname: null,
6 verbose parsed url   hash: null,
6 verbose parsed url   search: null,
6 verbose parsed url   query: null,
6 verbose parsed url   pathname: 'create-react-app',
6 verbose parsed url   path: 'create-react-app',
6 verbose parsed url   href: 'create-react-app' }
7 silly lockFile 12ca563e-create-react-app create-react-app
8 verbose lock create-react-app /home/site/.npm/12ca563e-create-react-app.lock
9 silly lockFile 12ca563e-create-react-app create-react-app
10 silly lockFile 12ca563e-create-react-app create-react-app
11 verbose addNamed [ 'create-react-app', '' ]
12 verbose addNamed [ null, '*' ]
13 silly lockFile e90bd262-create-react-app create-react-app@
14 verbose lock create-react-app@ /home/site/.npm/e90bd262-create-react-app.lock
15 silly addNameRange { name: 'create-react-app', range: '*', hasData: false }
16 verbose request where is /create-react-app
17 verbose request registry https://registry.npmjs.org/
18 verbose request id 151e20136f75b46f
19 verbose url raw /create-react-app
20 verbose url resolving [ 'https://registry.npmjs.org/', './create-react-app' ]
21 verbose url resolved https://registry.npmjs.org/create-react-app
22 verbose request where is https://registry.npmjs.org/create-react-app
23 info trying registry request attempt 1 at 6:09:46 PM
24 http GET https://registry.npmjs.org/create-react-app
25 http 200 https://registry.npmjs.org/create-react-app
26 silly registry.get cb [ 200,
26 silly registry.get   { 'content-type': 'application/json; charset=UTF-8',
26 silly registry.get     server: 'UploadServer',
26 silly registry.get     'cache-control': 'max-age=300',
26 silly registry.get     'last-modified': 'Sat, 21 Apr 2018 17:22:44 GMT',
26 silly registry.get     etag: '"5adb7364-123ba"',
26 silly registry.get     'x-npm-region': 'EU-East',
26 silly registry.get     'content-encoding': 'gzip',
26 silly registry.get     'content-length': '8860',
26 silly registry.get     'accept-ranges': 'bytes',
26 silly registry.get     date: 'Fri, 18 May 2018 18:09:46 GMT',
26 silly registry.get     via: '1.1 varnish',
26 silly registry.get     age: '10565',
26 silly registry.get     connection: 'close',
26 silly registry.get     'x-served-by': 'cache-hhn1528-HHN',
26 silly registry.get     'x-cache': 'HIT',
26 silly registry.get     'x-cache-hits': '2',
26 silly registry.get     'x-timer': 'S1526666987.684299,VS0,VE0',
26 silly registry.get     vary: 'Accept-Encoding, Accept' } ]
27 silly addNameRange number 2 { name: 'create-react-app', range: '*', hasData: true }
28 silly addNameRange versions [ 'create-react-app',
28 silly addNameRange   [ '0.0.0',
28 silly addNameRange     '0.1.0',
28 silly addNameRange     '0.2.0-alpha.1',
28 silly addNameRange     '0.2.0',
28 silly addNameRange     '0.3.0',
28 silly addNameRange     '0.4.2',
28 silly addNameRange     '0.4.2-alpha.8f28c56e',
28 silly addNameRange     '0.5.0',
28 silly addNameRange     '0.6.0',
28 silly addNameRange     '0.6.0-alpha.e756d73a',
28 silly addNameRange     '0.6.0-alpha.9c45b252',
28 silly addNameRange     '0.7.0',
28 silly addNameRange     '1.0.0',
28 silly addNameRange     '1.0.1',
28 silly addNameRange     '1.0.2',
28 silly addNameRange     '1.0.3',
28 silly addNameRange     '1.0.4',
28 silly addNameRange     '1.1.0',
28 silly addNameRange     '1.2.0',
28 silly addNameRange     '1.2.1',
28 silly addNameRange     '1.3.0',
28 silly addNameRange     '1.3.0-alpha.58689133',
28 silly addNameRange     '1.3.0-alpha.dadf93b2',
28 silly addNameRange     '1.3.0-alpha.134d2297',
28 silly addNameRange     '1.3.0-alpha.e280254d',
28 silly addNameRange     '1.3.0-alpha.c82c4f05',
28 silly addNameRange     '1.3.0-alpha.0d0536f9',
28 silly addNameRange     '1.3.0-alpha.02968ecd',
28 silly addNameRange     '1.3.0-alpha.55afd862',
28 silly addNameRange     '1.3.1',
28 silly addNameRange     '1.3.1-alpha.60ae2b6d',
28 silly addNameRange     '1.3.2',
28 silly addNameRange     '1.3.3',
28 silly addNameRange     '1.4.0',
28 silly addNameRange     '1.4.1',
28 silly addNameRange     '1.4.2',
28 silly addNameRange     '1.4.3',
28 silly addNameRange     '1.5.0',
28 silly addNameRange     '2.0.0-next.096703ab',
28 silly addNameRange     '2.0.0-next.9754a231',
28 silly addNameRange     '1.5.1',
28 silly addNameRange     '2.0.0-next.03604a46',
28 silly addNameRange     '2.0.0-next.47d2d941',
28 silly addNameRange     '1.5.2',
28 silly addNameRange     '2.0.0-next.b2fd8db8',
28 silly addNameRange     '2.0.0-next.66cc7a90' ] ]
29 verbose addNamed [ 'create-react-app', '1.5.2' ]
30 verbose addNamed [ '1.5.2', '1.5.2' ]
31 silly lockFile bd985362-create-react-app-1-5-2 create-react-app@1.5.2
32 verbose lock create-react-app@1.5.2 /home/site/.npm/bd985362-create-react-app-1-5-2.lock
33 silly lockFile 4561eeb4-t-app-create-react-app-1-5-2-tgz https://registry.npmjs.org/create-react-app/-/create-react-app-1.5.2.tgz
34 verbose lock https://registry.npmjs.org/create-react-app/-/create-react-app-1.5.2.tgz /home/site/.npm/4561eeb4-t-app-create-react-app-1-5-2-tgz.lock
35 verbose addRemoteTarball [ 'https://registry.npmjs.org/create-react-app/-/create-react-app-1.5.2.tgz',
35 verbose addRemoteTarball   '2639e5d2f88e8777977beb6a8d9cbc04cf70091e' ]
36 info retry fetch attempt 1 at 6:09:46 PM
37 verbose fetch to= /tmp/npm-21450-K296PQVA/registry.npmjs.org/create-react-app/-/create-react-app-1.5.2.tgz
38 http GET https://registry.npmjs.org/create-react-app/-/create-react-app-1.5.2.tgz
39 http 200 https://registry.npmjs.org/create-react-app/-/create-react-app-1.5.2.tgz
40 silly lockFile 4561eeb4-t-app-create-react-app-1-5-2-tgz https://registry.npmjs.org/create-react-app/-/create-react-app-1.5.2.tgz
41 silly lockFile 4561eeb4-t-app-create-react-app-1-5-2-tgz https://registry.npmjs.org/create-react-app/-/create-react-app-1.5.2.tgz
42 silly lockFile bd985362-create-react-app-1-5-2 create-react-app@1.5.2
43 silly lockFile bd985362-create-react-app-1-5-2 create-react-app@1.5.2
44 silly lockFile e90bd262-create-react-app create-react-app@
45 silly lockFile e90bd262-create-react-app create-react-app@
46 silly resolved [ { name: 'create-react-app',
46 silly resolved     version: '1.5.2',
46 silly resolved     keywords: [ 'react' ],
46 silly resolved     description: 'Create React apps with no build configuration.',
46 silly resolved     repository:
46 silly resolved      { type: 'git',
46 silly resolved        url: 'git+https://github.com/facebookincubator/create-react-app.git' },
46 silly resolved     license: 'MIT',
46 silly resolved     engines: { node: '>=4' },
46 silly resolved     bugs:
46 silly resolved      { url: 'https://github.com/facebookincubator/create-react-app/issues' },
46 silly resolved     files: [ 'index.js', 'createReactApp.js' ],
46 silly resolved     bin: { 'create-react-app': './index.js' },
46 silly resolved     dependencies:
46 silly resolved      { chalk: '^1.1.1',
46 silly resolved        commander: '^2.9.0',
46 silly resolved        'cross-spawn': '^4.0.0',
46 silly resolved        envinfo: '3.4.2',
46 silly resolved        'fs-extra': '^1.0.0',
46 silly resolved        hyperquest: '^2.1.2',
46 silly resolved        semver: '^5.0.3',
46 silly resolved        'tar-pack': '^3.4.0',
46 silly resolved        tmp: '0.0.31',
46 silly resolved        'validate-npm-package-name': '^3.0.0' },
46 silly resolved     homepage: 'https://github.com/facebookincubator/create-react-app#readme',
46 silly resolved     _id: 'create-react-app@1.5.2',
46 silly resolved     _npmVersion: '5.6.0',
46 silly resolved     _nodeVersion: '8.6.0',
46 silly resolved     _npmUser: { name: 'gaearon', email: 'dan.abramov@gmail.com' },
46 silly resolved     dist:
46 silly resolved      { integrity: 'sha512-vnYIzsfTaqai2l07P9qtxhsZgHbzirC2omxKmf16wqvpXao9CNCDmpk+BCZRElih7HTn/mpO3soe8DTZV4DsgQ==',
46 silly resolved        shasum: '2639e5d2f88e8777977beb6a8d9cbc04cf70091e',
46 silly resolved        tarball: 'https://registry.npmjs.org/create-react-app/-/create-react-app-1.5.2.tgz',
46 silly resolved        fileCount: 4,
46 silly resolved        unpackedSize: 25574 },
46 silly resolved     maintainers: [ [Object], [Object], [Object], [Object], [Object] ],
46 silly resolved     directories: {},
46 silly resolved     _npmOperationalInternal:
46 silly resolved      { host: 's3://npm-registry-packages',
46 silly resolved        tmp: 'tmp/create-react-app_1.5.2_1518182464676_0.8542051396701542' },
46 silly resolved     _shasum: '2639e5d2f88e8777977beb6a8d9cbc04cf70091e',
46 silly resolved     _from: 'create-react-app@',
46 silly resolved     _resolved: 'https://registry.npmjs.org/create-react-app/-/create-react-app-1.5.2.tgz' } ]
47 info install create-react-app@1.5.2 into /usr/local/lib
48 info installOne create-react-app@1.5.2
49 verbose lib/node_modules/create-react-app unbuild
50 verbose tar unpack /home/site/.npm/create-react-app/1.5.2/package.tgz
51 silly lockFile 1a9bb118-ib-node-modules-create-react-app tar:///usr/local/lib/node_modules/create-react-app
52 verbose lock tar:///usr/local/lib/node_modules/create-react-app /home/site/.npm/1a9bb118-ib-node-modules-create-react-app.lock
53 silly lockFile b05a4f75-eate-react-app-1-5-2-package-tgz tar:///home/site/.npm/create-react-app/1.5.2/package.tgz
54 verbose lock tar:///home/site/.npm/create-react-app/1.5.2/package.tgz /home/site/.npm/b05a4f75-eate-react-app-1-5-2-package-tgz.lock
55 silly gunzTarPerm modes [ '755', '644' ]
56 error tar.unpack untar error /home/site/.npm/create-react-app/1.5.2/package.tgz
57 silly lockFile 1a9bb118-ib-node-modules-create-react-app tar:///usr/local/lib/node_modules/create-react-app
58 silly lockFile 1a9bb118-ib-node-modules-create-react-app tar:///usr/local/lib/node_modules/create-react-app
59 silly lockFile b05a4f75-eate-react-app-1-5-2-package-tgz tar:///home/site/.npm/create-react-app/1.5.2/package.tgz
60 silly lockFile b05a4f75-eate-react-app-1-5-2-package-tgz tar:///home/site/.npm/create-react-app/1.5.2/package.tgz
61 verbose lib/node_modules/create-react-app unbuild
62 error Error: EACCES: permission denied, mkdir '/usr/local/lib/node_modules'
62 error  { Error: EACCES: permission denied, mkdir '/usr/local/lib/node_modules'
62 error   stack: 'Error: EACCES: permission denied, mkdir \'/usr/local/lib/node_modules\'',
62 error   errno: -13,
62 error   code: 'EACCES',
62 error   syscall: 'mkdir',
62 error   path: '/usr/local/lib/node_modules',
62 error   fstream_type: 'Directory',
62 error   fstream_path: '/usr/local/lib/node_modules/create-react-app',
62 error   fstream_class: 'DirWriter',
62 error   fstream_stack:
62 error    [ '/usr/lib/nodejs/fstream/lib/writer.js:171:25',
62 error      '/usr/lib/nodejs/mkdirp/index.js:47:53',
62 error      'FSReqWrap.oncomplete (fs.js:152:21)' ] }
63 error Please try running this command again as root/Administrator.
64 error System Linux 4.13.0-17-generic
65 error command "/usr/bin/node" "/usr/bin/npm" "install" "-g" "create-react-app"
66 error cwd /home/site/go/src/gitlab.telemed.help/devops/ci
67 error node -v v8.11.2
68 error npm -v 1.4.21
69 error path /usr/local/lib/node_modules
70 error syscall mkdir
71 error fstream_path /usr/local/lib/node_modules/create-react-app
72 error fstream_type Directory
73 error fstream_class DirWriter
74 error code EACCES
75 error errno -13
76 error stack Error: EACCES: permission denied, mkdir '/usr/local/lib/node_modules'
77 error fstream_stack /usr/lib/nodejs/fstream/lib/writer.js:171:25
77 error fstream_stack /usr/lib/nodejs/mkdirp/index.js:47:53
77 error fstream_stack FSReqWrap.oncomplete (fs.js:152:21)
78 verbose exit [ -13, true ]
